\BOOKMARK [1][-]{section.1}{\376\377\000B\000a\000l\000l\000i\000s\000t\000i\000c\000\040\000S\000o\000l\000v\000e\000r\000\040\000A\000l\000g\000o\000r\000i\000t\000h\000m}{}% 1
\BOOKMARK [2][-]{subsection.1.1}{\376\377\000P\000r\000o\000b\000l\000e\000m\000\040\000S\000e\000t\000u\000p}{section.1}% 2
\BOOKMARK [2][-]{subsection.1.2}{\376\377\000D\000e\000r\000i\000v\000a\000t\000i\000o\000n\000\040\000o\000f\000\040\000L\000a\000u\000n\000c\000h\000\040\000V\000e\000l\000o\000c\000i\000t\000y}{section.1}% 3
\BOOKMARK [3][-]{subsubsection.1.2.1}{\376\377\000E\000q\000u\000a\000t\000i\000o\000n\000s\000\040\000o\000f\000\040\000M\000o\000t\000i\000o\000n}{subsection.1.2}% 4
\BOOKMARK [3][-]{subsubsection.1.2.2}{\376\377\000E\000l\000i\000m\000i\000n\000a\000t\000i\000n\000g\000\040\000T\000i\000m\000e}{subsection.1.2}% 5
\BOOKMARK [3][-]{subsubsection.1.2.3}{\376\377\000S\000o\000l\000v\000i\000n\000g\000\040\000f\000o\000r\000\040\000L\000a\000u\000n\000c\000h\000\040\000V\000e\000l\000o\000c\000i\000t\000y}{subsection.1.2}% 6
\BOOKMARK [3][-]{subsubsection.1.2.4}{\376\377\000V\000a\000l\000i\000d\000i\000t\000y\000\040\000C\000o\000n\000d\000i\000t\000i\000o\000n\000s}{subsection.1.2}% 7
\BOOKMARK [2][-]{subsection.1.3}{\376\377\000C\000o\000n\000v\000e\000r\000s\000i\000o\000n\000\040\000t\000o\000\040\000M\000o\000t\000o\000r\000\040\000R\000P\000M}{section.1}% 8
\BOOKMARK [3][-]{subsubsection.1.3.1}{\376\377\000S\000u\000r\000f\000a\000c\000e\000\040\000V\000e\000l\000o\000c\000i\000t\000y\000\040\000R\000e\000l\000a\000t\000i\000o\000n\000s\000h\000i\000p}{subsection.1.3}% 9
\BOOKMARK [3][-]{subsubsection.1.3.2}{\376\377\000E\000m\000p\000i\000r\000i\000c\000a\000l\000\040\000C\000o\000r\000r\000e\000c\000t\000i\000o\000n\000\040\000F\000a\000c\000t\000o\000r}{subsection.1.3}% 10
\BOOKMARK [3][-]{subsubsection.1.3.3}{\376\377\000C\000o\000n\000v\000e\000r\000s\000i\000o\000n\000\040\000t\000o\000\040\000E\000n\000c\000o\000d\000e\000r\000\040\000T\000i\000c\000k\000s}{subsection.1.3}% 11
\BOOKMARK [2][-]{subsection.1.4}{\376\377\000T\000u\000n\000e\000d\000\040\000P\000a\000r\000a\000m\000e\000t\000e\000r\000\040\000V\000a\000l\000u\000e\000s}{section.1}% 12
\BOOKMARK [2][-]{subsection.1.5}{\376\377\000C\000o\000m\000p\000l\000e\000t\000e\000\040\000A\000l\000g\000o\000r\000i\000t\000h\000m}{section.1}% 13
\BOOKMARK [1][-]{section.2}{\376\377\000L\000i\000m\000e\000l\000i\000g\000h\000t\000\040\000T\000a\000r\000g\000e\000t\000i\000n\000g\000\040\000S\000y\000s\000t\000e\000m}{}% 14
\BOOKMARK [2][-]{subsection.2.1}{\376\377\000L\000i\000m\000e\000l\000i\000g\000h\000t\000\040\000O\000u\000t\000p\000u\000t\000\040\000V\000a\000r\000i\000a\000b\000l\000e\000s}{section.2}% 15
\BOOKMARK [2][-]{subsection.2.2}{\376\377\000S\000t\000e\000e\000r\000i\000n\000g\000\040\000A\000s\000s\000i\000s\000t\000\040\000A\000l\000g\000o\000r\000i\000t\000h\000m}{section.2}% 16
\BOOKMARK [3][-]{subsubsection.2.2.1}{\376\377\000P\000r\000o\000p\000o\000r\000t\000i\000o\000n\000a\000l\000\040\000C\000o\000n\000t\000r\000o\000l}{subsection.2.2}% 17
\BOOKMARK [3][-]{subsubsection.2.2.2}{\376\377\000C\000o\000m\000b\000i\000n\000e\000d\000\040\000R\000o\000t\000a\000t\000i\000o\000n\000\040\000C\000o\000m\000m\000a\000n\000d}{subsection.2.2}% 18
\BOOKMARK [2][-]{subsection.2.3}{\376\377\000T\000u\000n\000e\000d\000\040\000P\000a\000r\000a\000m\000e\000t\000e\000r\000\040\000V\000a\000l\000u\000e\000s}{section.2}% 19
\BOOKMARK [2][-]{subsection.2.4}{\376\377\000E\000m\000p\000i\000r\000i\000c\000a\000l\000\040\000M\000o\000t\000o\000r\000\040\000S\000p\000e\000e\000d\000\040\000f\000r\000o\000m\000\040\000T\000a\000r\000g\000e\000t\000\040\000A\000r\000e\000a}{section.2}% 20
\BOOKMARK [3][-]{subsubsection.2.4.1}{\376\377\000E\000x\000p\000o\000n\000e\000n\000t\000i\000a\000l\000\040\000M\000o\000d\000e\000l}{subsection.2.4}% 21
\BOOKMARK [3][-]{subsubsection.2.4.2}{\376\377\000D\000e\000r\000i\000v\000a\000t\000i\000o\000n\000\040\000o\000f\000\040\000E\000x\000p\000o\000n\000e\000n\000t\000i\000a\000l\000\040\000F\000i\000t}{subsection.2.4}% 22
\BOOKMARK [2][-]{subsection.2.5}{\376\377\000T\000u\000n\000e\000d\000\040\000E\000m\000p\000i\000r\000i\000c\000a\000l\000\040\000C\000u\000r\000v\000e\000\040\000P\000a\000r\000a\000m\000e\000t\000e\000r\000s}{section.2}% 23
\BOOKMARK [1][-]{section.3}{\376\377\000P\000I\000D\000\040\000a\000n\000d\000\040\000P\000I\000D\000F\000\040\000C\000o\000n\000t\000r\000o\000l\000\040\000T\000h\000e\000o\000r\000y}{}% 24
\BOOKMARK [2][-]{subsection.3.1}{\376\377\000G\000e\000n\000e\000r\000a\000l\000\040\000P\000I\000D\000\040\000C\000o\000n\000t\000r\000o\000l\000l\000e\000r}{section.3}% 25
\BOOKMARK [3][-]{subsubsection.3.1.1}{\376\377\000E\000r\000r\000o\000r\000\040\000D\000e\000f\000i\000n\000i\000t\000i\000o\000n}{subsection.3.1}% 26
\BOOKMARK [3][-]{subsubsection.3.1.2}{\376\377\000P\000I\000D\000\040\000C\000o\000n\000t\000r\000o\000l\000\040\000L\000a\000w}{subsection.3.1}% 27
\BOOKMARK [3][-]{subsubsection.3.1.3}{\376\377\000C\000o\000m\000p\000o\000n\000e\000n\000t\000\040\000A\000n\000a\000l\000y\000s\000i\000s}{subsection.3.1}% 28
\BOOKMARK [3][-]{subsubsection.3.1.4}{\376\377\000D\000i\000s\000c\000r\000e\000t\000e\000-\000T\000i\000m\000e\000\040\000I\000m\000p\000l\000e\000m\000e\000n\000t\000a\000t\000i\000o\000n}{subsection.3.1}% 29
\BOOKMARK [2][-]{subsection.3.2}{\376\377\000P\000I\000D\000F\000\040\000C\000o\000n\000t\000r\000o\000l\000l\000e\000r\000\040\000\050\000F\000e\000e\000d\000f\000o\000r\000w\000a\000r\000d\000\040\000E\000x\000t\000e\000n\000s\000i\000o\000n\000\051}{section.3}% 30
\BOOKMARK [2][-]{subsection.3.3}{\376\377\000F\000e\000e\000d\000f\000o\000r\000w\000a\000r\000d\000\040\000C\000o\000n\000t\000r\000o\000l}{section.3}% 31
\BOOKMARK [3][-]{subsubsection.3.3.1}{\376\377\000V\000e\000l\000o\000c\000i\000t\000y\000-\000B\000a\000s\000e\000d\000\040\000F\000e\000e\000d\000f\000o\000r\000w\000a\000r\000d}{subsection.3.3}% 32
\BOOKMARK [3][-]{subsubsection.3.3.2}{\376\377\000P\000h\000y\000s\000i\000c\000a\000l\000\040\000I\000n\000t\000e\000r\000p\000r\000e\000t\000a\000t\000i\000o\000n}{subsection.3.3}% 33
\BOOKMARK [2][-]{subsection.3.4}{\376\377\000F\000e\000e\000d\000f\000o\000r\000w\000a\000r\000d\000\040\000+\000\040\000F\000e\000e\000d\000b\000a\000c\000k\000\040\000A\000r\000c\000h\000i\000t\000e\000c\000t\000u\000r\000e}{section.3}% 34
\BOOKMARK [1][-]{section.4}{\376\377\000R\000o\000a\000d\000R\000u\000n\000n\000e\000r\000\040\000C\000o\000n\000t\000r\000o\000l\000\040\000I\000m\000p\000l\000e\000m\000e\000n\000t\000a\000t\000i\000o\000n}{}% 35
\BOOKMARK [2][-]{subsection.4.1}{\376\377\000S\000y\000s\000t\000e\000m\000\040\000A\000r\000c\000h\000i\000t\000e\000c\000t\000u\000r\000e}{section.4}% 36
\BOOKMARK [2][-]{subsection.4.2}{\376\377\000M\000o\000t\000o\000r\000\040\000F\000e\000e\000d\000f\000o\000r\000w\000a\000r\000d}{section.4}% 37
\BOOKMARK [3][-]{subsubsection.4.2.1}{\376\377\000T\000u\000n\000e\000d\000\040\000F\000e\000e\000d\000f\000o\000r\000w\000a\000r\000d\000\040\000P\000a\000r\000a\000m\000e\000t\000e\000r\000s}{subsection.4.2}% 38
\BOOKMARK [2][-]{subsection.4.3}{\376\377\000H\000o\000l\000o\000n\000o\000m\000i\000c\000\040\000P\000o\000s\000i\000t\000i\000o\000n\000\040\000C\000o\000n\000t\000r\000o\000l\000l\000e\000r}{section.4}% 39
\BOOKMARK [3][-]{subsubsection.4.3.1}{\376\377\000P\000o\000s\000e\000\040\000E\000r\000r\000o\000r}{subsection.4.3}% 40
\BOOKMARK [3][-]{subsubsection.4.3.2}{\376\377\000V\000e\000l\000o\000c\000i\000t\000y\000\040\000E\000r\000r\000o\000r\000\040\000\050\000O\000p\000t\000i\000o\000n\000a\000l\000\051}{subsection.4.3}% 41
\BOOKMARK [3][-]{subsubsection.4.3.3}{\376\377\000C\000o\000n\000t\000r\000o\000l\000\040\000L\000a\000w}{subsection.4.3}% 42
\BOOKMARK [3][-]{subsubsection.4.3.4}{\376\377\000T\000u\000n\000e\000d\000\040\000C\000o\000n\000t\000r\000o\000l\000l\000e\000r\000\040\000G\000a\000i\000n\000s}{subsection.4.3}% 43
\BOOKMARK [2][-]{subsection.4.4}{\376\377\000M\000e\000c\000a\000n\000u\000m\000\040\000I\000n\000v\000e\000r\000s\000e\000\040\000K\000i\000n\000e\000m\000a\000t\000i\000c\000s}{section.4}% 44
\BOOKMARK [2][-]{subsection.4.5}{\376\377\000M\000o\000t\000i\000o\000n\000\040\000P\000r\000o\000f\000i\000l\000e\000\040\000C\000o\000n\000s\000t\000r\000a\000i\000n\000t\000s}{section.4}% 45
\BOOKMARK [2][-]{subsection.4.6}{\376\377\000D\000r\000i\000v\000e\000\040\000M\000o\000d\000e\000l\000\040\000P\000a\000r\000a\000m\000e\000t\000e\000r\000s}{section.4}% 46
\BOOKMARK [2][-]{subsection.4.7}{\376\377\000L\000o\000c\000a\000l\000i\000z\000a\000t\000i\000o\000n\000:\000\040\000T\000w\000o\000\040\000D\000e\000a\000d\000\040\000W\000h\000e\000e\000l\000\040\000O\000d\000o\000m\000e\000t\000r\000y}{section.4}% 47
\BOOKMARK [2][-]{subsection.4.8}{\376\377\000C\000o\000m\000p\000l\000e\000t\000e\000\040\000C\000o\000n\000t\000r\000o\000l\000\040\000L\000o\000o\000p}{section.4}% 48
\BOOKMARK [1][-]{appendix.A}{\376\377\000S\000y\000m\000b\000o\000l\000\040\000R\000e\000f\000e\000r\000e\000n\000c\000e}{}% 49
\BOOKMARK [1][-]{appendix.B}{\376\377\000T\000u\000n\000i\000n\000g\000\040\000P\000r\000o\000c\000e\000d\000u\000r\000e\000s}{}% 50
\BOOKMARK [2][-]{subsection.B.1}{\376\377\000F\000e\000e\000d\000f\000o\000r\000w\000a\000r\000d\000\040\000T\000u\000n\000i\000n\000g}{appendix.B}% 51
\BOOKMARK [2][-]{subsection.B.2}{\376\377\000F\000e\000e\000d\000b\000a\000c\000k\000\040\000T\000u\000n\000i\000n\000g}{appendix.B}% 52
